<?xml version="1.0" encoding="UTF-8" ?>
<testsuite tests="2" failures="0" name="com.acme.basic.HelloWorldTest" time="0.021" errors="0" skipped="0">
  <properties>
    <property name="java.runtime.name" value="OpenJDK Runtime Environment"/>
    <property name="java.vm.version" value="11.0.7+10-LTS"/>
    <property name="sun.boot.library.path" value="C:\Program Files\RedHat\java-11-openjdk-11.0.7-1\bin"/>
    <property name="maven.multiModuleProjectDirectory" value="E:\Users\luism\IdeaProjects\sonar-scanning-examples\sonarqube-scanner-maven\maven-basic"/>
    <property name="java.vm.vendor" value="Oracle Corporation"/>
    <property name="java.vendor.url" value="http://java.oracle.com/"/>
    <property name="guice.disable.misplaced.annotation.check" value="true"/>
    <property name="path.separator" value=";"/>
    <property name="java.vm.name" value="OpenJDK 64-Bit Server VM"/>
    <property name="sun.os.patch.level" value=""/>
    <property name="user.script" value=""/>
    <property name="user.country" value="BR"/>
    <property name="sun.java.launcher" value="SUN_STANDARD"/>
    <property name="java.vm.specification.name" value="Java Virtual Machine Specification"/>
    <property name="user.dir" value="E:\Users\luism\IdeaProjects\sonar-scanning-examples\sonarqube-scanner-maven\maven-basic"/>
    <property name="java.vm.compressedOopsMode" value="32-bit"/>
    <property name="java.runtime.version" value="11.0.7+10-LTS"/>
    <property name="java.awt.graphicsenv" value="sun.awt.Win32GraphicsEnvironment"/>
    <property name="maven.artifact.threads" value="3"/>
    <property name="os.arch" value="amd64"/>
    <property name="java.io.tmpdir" value="C:\Users\luism\AppData\Local\Temp\"/>
    <property name="line.separator" value="
"/>
    <property name="java.vm.specification.vendor" value="Oracle Corporation"/>
    <property name="user.variant" value=""/>
    <property name="os.name" value="Windows 10"/>
    <property name="maven.ext.class.path" value="E:\Program Files\JetBrains\IntelliJ IDEA 2019.3.4\plugins\maven\lib\maven-event-listener.jar"/>
    <property name="classworlds.conf" value="E:\Program Files\JetBrains\IntelliJ IDEA 2019.3.4\plugins\maven\lib\maven3\bin\m2.conf"/>
    <property name="sun.jnu.encoding" value="Cp1252"/>
    <property name="java.library.path" value="C:\Program Files\RedHat\java-11-openjdk-11.0.7-1\bin;C:\WINDOWS\Sun\Java\bin;C:\WINDOWS\system32;C:\WINDOWS;C:\Python38\Scripts\;C:\Python38\;C:\Program Files (x86)\Common Files\Oracle\Java\javapath;C:\Python27\;C:\Python27\Scripts;C:\Program Files (x86)\PHP\v5.6;C:\Program Files (x86)\iis express\PHP\v5.6;C:\Program Files\PHP\v5.3;C:\WINDOWS\system32;C:\WINDOWS;C:\WINDOWS\System32\Wbem;C:\WINDOWS\System32\WindowsPowerShell\v1.0\;C:\WINDOWS\System32\OpenSSH\;C:\Program Files\Git LFS;E:\gradle-5.6-all\gradle-5.6\bin;C:\Users\luism\AppData\Local\Android\Sdk\platform-tools;C:\Users\luism\AppData\Local\Android\Sdk\emulator;C:\xampp\php;C:\Users\luism\AppData\Roaming\Python\Python37\Scripts;C:\ProgramData\ComposerSetup\bin;C:\Program Files (x86)\Yarn\bin\;C:\ProgramData\chocolatey\bin;E:\Program Files\JetBrains\IntelliJ IDEA 2019.3.1\plugins\maven\lib\maven3\bin;C:\Program Files\Microsoft\Web Platform Installer\;C:\cygwin64\bin;C:\MinGW\bin;C:\Program Files\MySQL\MySQL Server 8.0\bin;C:\Windows\System32\inetsrv;C:\Python27;C:\Program Files (x86)\IntelSWTools\tools\DAL_1.1917.727.110\;C:\Users\luism\AppData\Local\Android\Sdk\tools\bin;C:\Program Files\Microsoft SQL Server\130\Tools\Binn\;C:\Program Files\Microsoft SQL Server\Client SDK\ODBC\170\Tools\Binn\;C:\Program Files\dotnet\;C:\Program Files\curl-7.68.0-win64-mingw\bin;C:\Program Files (x86)\Windows Kits\10\Windows Performance Toolkit\;C:\WINDOWS\system32;C:\WINDOWS;C:\WINDOWS\System32\Wbem;C:\WINDOWS\System32\WindowsPowerShell\v1.0\;C:\WINDOWS\System32\OpenSSH\;C:\Program Files\Docker\Docker\resources\bin;C:\ProgramData\DockerDesktop\version-bin;C:\Program Files (x86)\Notepad++;C:\Program Files\apache-maven-3.6.3\bin;C:\Go\bin;E:\chromedriver_win32;E:\geckodriver-v0.26.0-win64;C:\Program Files\nodejs\;C:\Program Files (x86)\Microsoft SQL Server\150\Tools\Binn\;C:\Program Files\Microsoft SQL Server\150\Tools\Binn\;C:\Program Files\Microsoft SQL Server\150\DTS\Binn\;C:\Program Files (x86)\Microsoft SQL Server\150\DTS\Binn\;C:\Program Files (x86)\Microsoft SQL Server\Client SDK\ODBC\170\Tools\Binn\;C:\Program Files\Git\cmd;C:\Samples;C:\Program Files\RedHat\java-11-openjdk-jre-11.0.7-1\bin;C:\Program Files\RedHat\java-11-openjdk-11.0.7-1\bin;E:\Ruby27-x64\bin;C:\Ruby25-x64\bin;C:\Program Files\MySQL\MySQL Shell 8.0\bin\;C:\Program Files\heroku\bin;E:\Program Files\JetBrains\IntelliJ IDEA 2019.3.4\bin;E:\Program Files\JetBrains\RubyMine 2019.3.3\bin;C:\Users\luism\AppData\Roaming\Composer\vendor\bin;C:\Users\luism\AppData\Local\Yarn\bin;E:\Program Files\JetBrains\WebStorm 2019.3.4\bin;C:\Program Files\JetBrains\PyCharm 2019.2.5\bin;E:\Program Files\JetBrains\DataGrip 2019.3.1\bin;E:\Program Files\JetBrains\PhpStorm 2019.3.1\bin;E:\Users\luism\AppData\Local\Programs\Microsoft VS Code\bin;C:\Users\luism\AppData\Local\Microsoft\WindowsApps;C:\Users\luism\go\bin;C:\Users\luism\AppData\Roaming\npm;C:\Users\luism\.dotnet\tools;C:\Users\luism\AppData\Local\GitHubDesktop\bin;."/>
    <property name="maven.conf" value="E:\Program Files\JetBrains\IntelliJ IDEA 2019.3.4\plugins\maven\lib\maven3/conf"/>
    <property name="jdk.debug" value="release"/>
    <property name="java.class.version" value="55.0"/>
    <property name="java.specification.name" value="Java Platform API Specification"/>
    <property name="sun.management.compiler" value="HotSpot 64-Bit Tiered Compilers"/>
    <property name="idea.version2019.3.4" value="true"/>
    <property name="os.version" value="10.0"/>
    <property name="user.home" value="C:\Users\luism"/>
    <property name="user.timezone" value="America/Sao_Paulo"/>
    <property name="java.awt.printerjob" value="sun.awt.windows.WPrinterJob"/>
    <property name="file.encoding" value="UTF-8"/>
    <property name="java.specification.version" value="11"/>
    <property name="user.name" value="luism"/>
    <property name="java.class.path" value="E:\Program Files\JetBrains\IntelliJ IDEA 2019.3.4\plugins\maven\lib\maven3\boot\plexus-classworlds-2.6.0.jar"/>
    <property name="java.vm.specification.version" value="11"/>
    <property name="sun.arch.data.model" value="64"/>
    <property name="sun.java.command" value="org.codehaus.classworlds.Launcher -Didea.version2019.3.4 clean verify sonar:sonar -P !apache-netbeans-ide"/>
    <property name="java.home" value="C:\Program Files\RedHat\java-11-openjdk-11.0.7-1"/>
    <property name="user.language" value="pt"/>
    <property name="java.specification.vendor" value="Oracle Corporation"/>
    <property name="awt.toolkit" value="sun.awt.windows.WToolkit"/>
    <property name="java.vm.info" value="mixed mode"/>
    <property name="java.version" value="11.0.7"/>
    <property name="java.vendor" value="Oracle Corporation"/>
    <property name="maven.home" value="E:\Program Files\JetBrains\IntelliJ IDEA 2019.3.4\plugins\maven\lib\maven3"/>
    <property name="file.separator" value="\"/>
    <property name="java.version.date" value="2020-04-14"/>
    <property name="java.vendor.url.bug" value="http://bugreport.java.com/bugreport/"/>
    <property name="sun.io.unicode.encoding" value="UnicodeLittle"/>
    <property name="sun.cpu.endian" value="little"/>
    <property name="java.vendor.version" value="18.9"/>
    <property name="sun.desktop" value="windows"/>
    <property name="sun.cpu.isalist" value="amd64"/>
  </properties>
  <testcase classname="com.acme.basic.HelloWorldTest" name="sayHello" time="0.018"/>
  <testcase classname="com.acme.basic.HelloWorldTest" name="nowCovered" time="0.003"/>
</testsuite>